0 info it worked if it ends with ok
1 verbose cli [ '/usr/local/Cellar/node/0.10.12/bin/node',
1 verbose cli   '/usr/local/bin/npm',
1 verbose cli   'install',
1 verbose cli   'angular-strap',
1 verbose cli   '--save' ]
2 info using npm@1.2.32
3 info using node@v0.10.12
4 verbose read json /Users/alexanderventura/Dropbox/Programming Workspaces/ClassNote/HandwrittenCanvas/package.json
5 warn package.json whiteboard@0.0.0 No repository field.
6 warn package.json whiteboard@0.0.0 No readme data.
7 verbose read json /Users/alexanderventura/Dropbox/Programming Workspaces/ClassNote/HandwrittenCanvas/node_modules/express/package.json
8 verbose read json /Users/alexanderventura/Dropbox/Programming Workspaces/ClassNote/HandwrittenCanvas/node_modules/grunt/package.json
9 verbose read json /Users/alexanderventura/Dropbox/Programming Workspaces/ClassNote/HandwrittenCanvas/node_modules/grunt-autoprefixer/package.json
10 verbose read json /Users/alexanderventura/Dropbox/Programming Workspaces/ClassNote/HandwrittenCanvas/node_modules/grunt-concurrent/package.json
11 verbose read json /Users/alexanderventura/Dropbox/Programming Workspaces/ClassNote/HandwrittenCanvas/node_modules/grunt-contrib-clean/package.json
12 verbose read json /Users/alexanderventura/Dropbox/Programming Workspaces/ClassNote/HandwrittenCanvas/node_modules/grunt-contrib-coffee/package.json
13 verbose read json /Users/alexanderventura/Dropbox/Programming Workspaces/ClassNote/HandwrittenCanvas/node_modules/grunt-contrib-compass/package.json
14 verbose read json /Users/alexanderventura/Dropbox/Programming Workspaces/ClassNote/HandwrittenCanvas/node_modules/grunt-contrib-concat/package.json
15 verbose read json /Users/alexanderventura/Dropbox/Programming Workspaces/ClassNote/HandwrittenCanvas/node_modules/grunt-contrib-connect/package.json
16 verbose read json /Users/alexanderventura/Dropbox/Programming Workspaces/ClassNote/HandwrittenCanvas/node_modules/grunt-contrib-copy/package.json
17 verbose read json /Users/alexanderventura/Dropbox/Programming Workspaces/ClassNote/HandwrittenCanvas/node_modules/grunt-contrib-cssmin/package.json
18 verbose read json /Users/alexanderventura/Dropbox/Programming Workspaces/ClassNote/HandwrittenCanvas/node_modules/grunt-contrib-htmlmin/package.json
19 verbose read json /Users/alexanderventura/Dropbox/Programming Workspaces/ClassNote/HandwrittenCanvas/node_modules/grunt-contrib-imagemin/package.json
20 verbose read json /Users/alexanderventura/Dropbox/Programming Workspaces/ClassNote/HandwrittenCanvas/node_modules/grunt-contrib-jshint/package.json
21 verbose read json /Users/alexanderventura/Dropbox/Programming Workspaces/ClassNote/HandwrittenCanvas/node_modules/grunt-contrib-uglify/package.json
22 verbose read json /Users/alexanderventura/Dropbox/Programming Workspaces/ClassNote/HandwrittenCanvas/node_modules/grunt-contrib-watch/package.json
23 verbose read json /Users/alexanderventura/Dropbox/Programming Workspaces/ClassNote/HandwrittenCanvas/node_modules/grunt-google-cdn/package.json
24 verbose read json /Users/alexanderventura/Dropbox/Programming Workspaces/ClassNote/HandwrittenCanvas/node_modules/grunt-karma/package.json
25 verbose read json /Users/alexanderventura/Dropbox/Programming Workspaces/ClassNote/HandwrittenCanvas/node_modules/grunt-ngmin/package.json
26 verbose read json /Users/alexanderventura/Dropbox/Programming Workspaces/ClassNote/HandwrittenCanvas/node_modules/grunt-rev/package.json
27 verbose read json /Users/alexanderventura/Dropbox/Programming Workspaces/ClassNote/HandwrittenCanvas/node_modules/grunt-svgmin/package.json
28 verbose read json /Users/alexanderventura/Dropbox/Programming Workspaces/ClassNote/HandwrittenCanvas/node_modules/grunt-usemin/package.json
29 verbose read json /Users/alexanderventura/Dropbox/Programming Workspaces/ClassNote/HandwrittenCanvas/node_modules/gzippo/package.json
30 verbose read json /Users/alexanderventura/Dropbox/Programming Workspaces/ClassNote/HandwrittenCanvas/node_modules/karma/package.json
31 verbose read json /Users/alexanderventura/Dropbox/Programming Workspaces/ClassNote/HandwrittenCanvas/node_modules/karma-chrome-launcher/package.json
32 verbose read json /Users/alexanderventura/Dropbox/Programming Workspaces/ClassNote/HandwrittenCanvas/node_modules/karma-coffee-preprocessor/package.json
33 verbose read json /Users/alexanderventura/Dropbox/Programming Workspaces/ClassNote/HandwrittenCanvas/node_modules/karma-firefox-launcher/package.json
34 verbose read json /Users/alexanderventura/Dropbox/Programming Workspaces/ClassNote/HandwrittenCanvas/node_modules/karma-html2js-preprocessor/package.json
35 verbose read json /Users/alexanderventura/Dropbox/Programming Workspaces/ClassNote/HandwrittenCanvas/node_modules/karma-jasmine/package.json
36 verbose read json /Users/alexanderventura/Dropbox/Programming Workspaces/ClassNote/HandwrittenCanvas/node_modules/karma-ng-html2js-preprocessor/package.json
37 verbose read json /Users/alexanderventura/Dropbox/Programming Workspaces/ClassNote/HandwrittenCanvas/node_modules/karma-ng-scenario/package.json
38 verbose read json /Users/alexanderventura/Dropbox/Programming Workspaces/ClassNote/HandwrittenCanvas/node_modules/karma-phantomjs-launcher/package.json
39 verbose read json /Users/alexanderventura/Dropbox/Programming Workspaces/ClassNote/HandwrittenCanvas/node_modules/karma-requirejs/package.json
40 verbose read json /Users/alexanderventura/Dropbox/Programming Workspaces/ClassNote/HandwrittenCanvas/node_modules/karma-script-launcher/package.json
41 verbose read json /Users/alexanderventura/Dropbox/Programming Workspaces/ClassNote/HandwrittenCanvas/node_modules/load-grunt-tasks/package.json
42 verbose read json /Users/alexanderventura/Dropbox/Programming Workspaces/ClassNote/HandwrittenCanvas/node_modules/time-grunt/package.json
43 verbose from cache /Users/alexanderventura/Dropbox/Programming Workspaces/ClassNote/HandwrittenCanvas/package.json
44 verbose readDependencies using package.json deps
45 verbose cache add [ 'angular-strap', null ]
46 verbose cache add name=undefined spec="angular-strap" args=["angular-strap",null]
47 verbose parsed url { protocol: null,
47 verbose parsed url   slashes: null,
47 verbose parsed url   auth: null,
47 verbose parsed url   host: null,
47 verbose parsed url   port: null,
47 verbose parsed url   hostname: null,
47 verbose parsed url   hash: null,
47 verbose parsed url   search: null,
47 verbose parsed url   query: null,
47 verbose parsed url   pathname: 'angular-strap',
47 verbose parsed url   path: 'angular-strap',
47 verbose parsed url   href: 'angular-strap' }
48 silly lockFile b0a968d0-angular-strap angular-strap
49 verbose lock angular-strap /Users/alexanderventura/.npm/b0a968d0-angular-strap.lock
50 silly lockFile b0a968d0-angular-strap angular-strap
51 silly lockFile b0a968d0-angular-strap angular-strap
52 verbose addNamed [ 'angular-strap', '' ]
53 verbose addNamed [ null, '' ]
54 silly lockFile 7f7f56c2-angular-strap angular-strap@
55 verbose lock angular-strap@ /Users/alexanderventura/.npm/7f7f56c2-angular-strap.lock
56 silly addNameRange { name: 'angular-strap', range: '', hasData: false }
57 verbose url raw angular-strap
58 verbose url resolving [ 'https://registry.npmjs.org/', './angular-strap' ]
59 verbose url resolved https://registry.npmjs.org/angular-strap
60 info trying registry request attempt 1 at 19:34:44
61 http GET https://registry.npmjs.org/angular-strap
62 http 404 https://registry.npmjs.org/angular-strap
63 silly registry.get cb [ 404,
63 silly registry.get   { server: 'CouchDB/1.3.1 (Erlang OTP/R15B03)',
63 silly registry.get     date: 'Wed, 13 Nov 2013 01:34:45 GMT',
63 silly registry.get     'content-type': 'application/json',
63 silly registry.get     'content-length': '52',
63 silly registry.get     'cache-control': 'must-revalidate' } ]
64 silly lockFile 7f7f56c2-angular-strap angular-strap@
65 silly lockFile 7f7f56c2-angular-strap angular-strap@
66 error 404 'angular-strap' is not in the npm registry.
66 error 404 You should bug the author to publish it
66 error 404
66 error 404 Note that you can also install from a
66 error 404 tarball, folder, or http url, or git url.
67 error System Darwin 13.0.0
68 error command "/usr/local/Cellar/node/0.10.12/bin/node" "/usr/local/bin/npm" "install" "angular-strap" "--save"
69 error cwd /Users/alexanderventura/Dropbox/Programming Workspaces/ClassNote/HandwrittenCanvas
70 error node -v v0.10.12
71 error npm -v 1.2.32
72 error code E404
73 verbose exit [ 1, true ]
